<?xml version="1.0" encoding="UTF-8"?>
<!-- Generated by org.testng.reporters.JUnitReportReporter -->
<testsuite hostname="WenniBaba" failures="0" tests="1" name="script.Test1" time="9.824" errors="0" timestamp="2024-10-09T12:21:35 BST" skipped="0">
  <testcase classname="script.Test1" name="test1" time="9.824">
    <system-out>
      <![CDATA[Wenissa
test1....]]>
    </system-out>
  </testcase> <!-- test1 -->
  <system-out>
    <![CDATA[Wenissa
test1....]]>
  </system-out>
</testsuite> <!-- script.Test1 -->
