<?xml version="1.0" encoding="UTF-8"?>
<!-- Generated by org.testng.reporters.JUnitReportReporter -->
<testsuite hostname="WenniBaba" failures="0" tests="1" name="script.ValidLogin" time="8.453" errors="0" timestamp="2024-10-10T16:14:48 BST" skipped="0">
  <testcase classname="script.ValidLogin" name="testValidLogin" time="8.453">
    <system-out>
      <![CDATA[Home page is displayed]]>
    </system-out>
  </testcase> <!-- testValidLogin -->
  <system-out>
    <![CDATA[Home page is displayed]]>
  </system-out>
</testsuite> <!-- script.ValidLogin -->
