<?xml version="1.0" encoding="UTF-8"?>
<!-- Generated by org.testng.reporters.JUnitReportReporter -->
<testsuite hostname="WenniBaba" failures="0" tests="1" name="script.Test1" time="5.284" errors="0" timestamp="2024-09-12T15:01:47 BST" skipped="0">
  <testcase classname="script.Test1" name="test1" time="5.284">
    <system-out>
      <![CDATA[test1....]]>
    </system-out>
  </testcase> <!-- test1 -->
  <system-out>
    <![CDATA[test1....]]>
  </system-out>
</testsuite> <!-- script.Test1 -->
