<?xml version="1.0" encoding="UTF-8"?>
<!-- Generated by org.testng.reporters.JUnitReportReporter -->
<testsuite hostname="WenniBaba" failures="0" tests="1" name="script.InvalidLogin" time="7.592" errors="0" timestamp="2024-10-10T20:24:30 BST" skipped="0">
  <testcase classname="script.InvalidLogin" name="testInvalidLogin" time="7.592">
    <system-out>
      <![CDATA[Error message is displayed]]>
    </system-out>
  </testcase> <!-- testInvalidLogin -->
  <system-out>
    <![CDATA[Error message is displayed
Home page is displayed]]>
  </system-out>
</testsuite> <!-- script.InvalidLogin -->
