<?xml version="1.0" encoding="UTF-8"?>
<!-- Generated by org.testng.reporters.JUnitReportReporter -->
<testsuite hostname="WenniBaba" failures="0" tests="1" name="script.ValidLogin" time="7.987" errors="0" timestamp="2024-10-10T20:24:30 BST" skipped="0">
  <testcase classname="script.ValidLogin" name="testValidLogin" time="7.987">
    <system-out>
      <![CDATA[Home page is displayed]]>
    </system-out>
  </testcase> <!-- testValidLogin -->
  <system-out>
    <![CDATA[Error message is displayed
Home page is displayed]]>
  </system-out>
</testsuite> <!-- script.ValidLogin -->
